{"total": {"lines":{"total":61,"covered":61,"skipped":0,"pct":100},"statements":{"total":68,"covered":68,"skipped":0,"pct":100},"functions":{"total":15,"covered":15,"skipped":0,"pct":100},"branches":{"total":41,"covered":37,"skipped":0,"pct":90.24},"branchesTrue":{"total":0,"covered":0,"skipped":0,"pct":"Unknown"}}
,"/home/thalissonzpyg/Downloads/sd-029-b-project-zoo-functions - 100_/src/getOpeningHours.js": {"lines":{"total":40,"covered":40,"skipped":0,"pct":100},"functions":{"total":8,"covered":8,"skipped":0,"pct":100},"statements":{"total":44,"covered":44,"skipped":0,"pct":100},"branches":{"total":31,"covered":27,"skipped":0,"pct":87.09}}
,"/home/thalissonzpyg/Downloads/sd-029-b-project-zoo-functions - 100_/src/handlerElephants.js": {"lines":{"total":21,"covered":21,"skipped":0,"pct":100},"functions":{"total":7,"covered":7,"skipped":0,"pct":100},"statements":{"total":24,"covered":24,"skipped":0,"pct":100},"branches":{"total":10,"covered":10,"skipped":0,"pct":100}}
}
